<?xml version="1.0" encoding="UTF-8"?>
<?xml-stylesheet type="text/xsl" href="ivy-report.xsl"?>
<ivy-report version="1.0">
	<info
		organisation="com.umeng"
		module="scala_examples_2.9.2"
		revision="0.0.1"
		conf="test-internal"
		confs="compile, runtime, test, provided, optional, compile-internal, runtime-internal, test-internal, plugin, sources, docs, pom"
		date="20130915141642"/>
	<dependencies>
		<module organisation="com.twitter" name="finagle-mysql_2.9.2">
			<revision name="6.5.2" status="release" pubdate="20130724020129" resolver="public" artresolver="public" homepage="https://github.com/twitter/finagle" downloaded="false" searched="false" default="false" conf="default(compile), default, compile, runtime, master" position="17">
				<license name="Apache License, Version 2.0" url="http://www.apache.org/licenses/LICENSE-2.0"/>
				<metadata-artifact status="no" details="" size="3498" time="0" location="/home/wangtianju/.ivy2/cache/com.twitter/finagle-mysql_2.9.2/ivy-6.5.2.xml" searched="false" origin-is-local="false" origin-location="http://repo1.maven.org/maven2/com/twitter/finagle-mysql_2.9.2/6.5.2/finagle-mysql_2.9.2-6.5.2.pom"/>
				<caller organisation="com.umeng" name="scala_examples_2.9.2" conf="test-internal, test, optional, compile, provided, runtime" rev="6.5.2" rev-constraint-default="6.5.2" rev-constraint-dynamic="6.5.2" callerrev="0.0.1"/>
				<artifacts>
					<artifact name="finagle-mysql_2.9.2" type="jar" ext="jar" status="no" details="" size="298616" time="0" location="/home/wangtianju/.ivy2/cache/com.twitter/finagle-mysql_2.9.2/jars/finagle-mysql_2.9.2-6.5.2.jar">
						<origin-location is-local="false" location="http://repo1.maven.org/maven2/com/twitter/finagle-mysql_2.9.2/6.5.2/finagle-mysql_2.9.2-6.5.2.jar"/>
					</artifact>
				</artifacts>
			</revision>
		</module>
		<module organisation="com.twitter" name="finagle-http_2.9.2">
			<revision name="6.5.2" status="release" pubdate="20130724020110" resolver="public" artresolver="public" homepage="https://github.com/twitter/finagle" downloaded="false" searched="false" default="false" conf="default(compile), default, compile, runtime, master" position="13">
				<license name="Apache License, Version 2.0" url="http://www.apache.org/licenses/LICENSE-2.0"/>
				<metadata-artifact status="no" details="" size="3770" time="0" location="/home/wangtianju/.ivy2/cache/com.twitter/finagle-http_2.9.2/ivy-6.5.2.xml" searched="false" origin-is-local="false" origin-location="http://repo1.maven.org/maven2/com/twitter/finagle-http_2.9.2/6.5.2/finagle-http_2.9.2-6.5.2.pom"/>
				<caller organisation="com.umeng" name="scala_examples_2.9.2" conf="test-internal, test, optional, compile, provided, runtime" rev="6.5.2" rev-constraint-default="6.5.2" rev-constraint-dynamic="6.5.2" callerrev="0.0.1"/>
				<artifacts>
					<artifact name="finagle-http_2.9.2" type="jar" ext="jar" status="no" details="" size="476055" time="0" location="/home/wangtianju/.ivy2/cache/com.twitter/finagle-http_2.9.2/jars/finagle-http_2.9.2-6.5.2.jar">
						<origin-location is-local="false" location="http://repo1.maven.org/maven2/com/twitter/finagle-http_2.9.2/6.5.2/finagle-http_2.9.2-6.5.2.jar"/>
					</artifact>
				</artifacts>
			</revision>
		</module>
		<module organisation="commons-lang" name="commons-lang">
			<revision name="2.6" status="release" pubdate="20110117062147" resolver="public" artresolver="public" homepage="http://commons.apache.org/lang/" downloaded="false" searched="false" default="false" conf="compile, master(*), runtime, compile(*), runtime(*), master" position="16">
				<metadata-artifact status="no" details="" size="6390" time="0" location="/home/wangtianju/.ivy2/cache/commons-lang/commons-lang/ivy-2.6.xml" searched="false" origin-is-local="false" origin-location="http://repo1.maven.org/maven2/commons-lang/commons-lang/2.6/commons-lang-2.6.pom"/>
				<caller organisation="com.twitter" name="finagle-http_2.9.2" conf="default, compile, runtime, master" rev="2.6" rev-constraint-default="2.6" rev-constraint-dynamic="2.6" callerrev="6.5.2"/>
				<artifacts>
					<artifact name="commons-lang" type="jar" ext="jar" status="no" details="" size="284220" time="0" location="/home/wangtianju/.ivy2/cache/commons-lang/commons-lang/jars/commons-lang-2.6.jar">
						<origin-location is-local="false" location="http://repo1.maven.org/maven2/commons-lang/commons-lang/2.6/commons-lang-2.6.jar"/>
					</artifact>
				</artifacts>
			</revision>
		</module>
		<module organisation="com.twitter" name="util-codec_2.9.2">
			<revision name="6.3.8" status="release" pubdate="20130723073304" resolver="public" artresolver="public" homepage="https://github.com/twitter/util" downloaded="false" searched="false" default="false" conf="compile, master(*), runtime, compile(*), runtime(*), master" position="14">
				<license name="Apache License, Version 2.0" url="http://www.apache.org/licenses/LICENSE-2.0"/>
				<metadata-artifact status="no" details="" size="3810" time="0" location="/home/wangtianju/.ivy2/cache/com.twitter/util-codec_2.9.2/ivy-6.3.8.xml" searched="false" origin-is-local="false" origin-location="http://repo1.maven.org/maven2/com/twitter/util-codec_2.9.2/6.3.8/util-codec_2.9.2-6.3.8.pom"/>
				<caller organisation="com.twitter" name="finagle-http_2.9.2" conf="default, compile, runtime, master" rev="6.3.8" rev-constraint-default="6.3.8" rev-constraint-dynamic="6.3.8" callerrev="6.5.2"/>
				<artifacts>
					<artifact name="util-codec_2.9.2" type="jar" ext="jar" status="no" details="" size="7346" time="0" location="/home/wangtianju/.ivy2/cache/com.twitter/util-codec_2.9.2/jars/util-codec_2.9.2-6.3.8.jar">
						<origin-location is-local="false" location="http://repo1.maven.org/maven2/com/twitter/util-codec_2.9.2/6.3.8/util-codec_2.9.2-6.3.8.jar"/>
					</artifact>
				</artifacts>
			</revision>
		</module>
		<module organisation="com.twitter" name="finagle-core_2.9.2">
			<revision name="6.5.2" status="release" pubdate="20130724020034" resolver="public" artresolver="public" homepage="https://github.com/twitter/finagle" downloaded="false" searched="false" default="false" conf="default(compile), default, compile, master(*), compile(*), runtime, runtime(*), master" position="2">
				<license name="Apache License, Version 2.0" url="http://www.apache.org/licenses/LICENSE-2.0"/>
				<metadata-artifact status="no" details="" size="4306" time="0" location="/home/wangtianju/.ivy2/cache/com.twitter/finagle-core_2.9.2/ivy-6.5.2.xml" searched="false" origin-is-local="false" origin-location="http://repo1.maven.org/maven2/com/twitter/finagle-core_2.9.2/6.5.2/finagle-core_2.9.2-6.5.2.pom"/>
				<caller organisation="com.umeng" name="scala_examples_2.9.2" conf="test-internal, test, optional, compile, provided, runtime" rev="6.5.2" rev-constraint-default="6.5.2" rev-constraint-dynamic="6.5.2" callerrev="0.0.1"/>
				<caller organisation="com.twitter" name="finagle-http_2.9.2" conf="default, compile, runtime, master" rev="6.5.2" rev-constraint-default="6.5.2" rev-constraint-dynamic="6.5.2" callerrev="6.5.2"/>
				<caller organisation="com.twitter" name="finagle-mysql_2.9.2" conf="default, compile, runtime, master" rev="6.5.2" rev-constraint-default="6.5.2" rev-constraint-dynamic="6.5.2" callerrev="6.5.2"/>
				<artifacts>
					<artifact name="finagle-core_2.9.2" type="jar" ext="jar" status="no" details="" size="1640353" time="0" location="/home/wangtianju/.ivy2/cache/com.twitter/finagle-core_2.9.2/jars/finagle-core_2.9.2-6.5.2.jar">
						<origin-location is-local="false" location="http://repo1.maven.org/maven2/com/twitter/finagle-core_2.9.2/6.5.2/finagle-core_2.9.2-6.5.2.jar"/>
					</artifact>
				</artifacts>
			</revision>
		</module>
		<module organisation="com.twitter" name="util-jvm_2.9.2">
			<revision name="6.3.8" status="release" pubdate="20130723073240" resolver="public" artresolver="public" homepage="https://github.com/twitter/util" downloaded="false" searched="false" default="false" conf="compile, master(*), runtime, compile(*), runtime(*), master" position="11">
				<license name="Apache License, Version 2.0" url="http://www.apache.org/licenses/LICENSE-2.0"/>
				<metadata-artifact status="no" details="" size="3786" time="0" location="/home/wangtianju/.ivy2/cache/com.twitter/util-jvm_2.9.2/ivy-6.3.8.xml" searched="false" origin-is-local="false" origin-location="http://repo1.maven.org/maven2/com/twitter/util-jvm_2.9.2/6.3.8/util-jvm_2.9.2-6.3.8.pom"/>
				<caller organisation="com.twitter" name="finagle-core_2.9.2" conf="default, compile, runtime, master" rev="6.3.8" rev-constraint-default="6.3.8" rev-constraint-dynamic="6.3.8" callerrev="6.5.2"/>
				<artifacts>
					<artifact name="util-jvm_2.9.2" type="jar" ext="jar" status="no" details="" size="163858" time="0" location="/home/wangtianju/.ivy2/cache/com.twitter/util-jvm_2.9.2/jars/util-jvm_2.9.2-6.3.8.jar">
						<origin-location is-local="false" location="http://repo1.maven.org/maven2/com/twitter/util-jvm_2.9.2/6.3.8/util-jvm_2.9.2-6.3.8.jar"/>
					</artifact>
				</artifacts>
			</revision>
		</module>
		<module organisation="com.twitter" name="util-logging_2.9.2">
			<revision name="6.3.8" status="release" pubdate="20130723073242" resolver="public" artresolver="public" homepage="https://github.com/twitter/util" downloaded="false" searched="false" default="false" conf="compile, master(*), runtime, compile(*), runtime(*), master" position="12">
				<license name="Apache License, Version 2.0" url="http://www.apache.org/licenses/LICENSE-2.0"/>
				<metadata-artifact status="no" details="" size="3942" time="0" location="/home/wangtianju/.ivy2/cache/com.twitter/util-logging_2.9.2/ivy-6.3.8.xml" searched="false" origin-is-local="false" origin-location="http://repo1.maven.org/maven2/com/twitter/util-logging_2.9.2/6.3.8/util-logging_2.9.2-6.3.8.pom"/>
				<caller organisation="com.twitter" name="finagle-http_2.9.2" conf="default, compile, runtime, master" rev="6.3.8" rev-constraint-default="6.3.8" rev-constraint-dynamic="6.3.8" callerrev="6.5.2"/>
				<caller organisation="com.twitter" name="finagle-mysql_2.9.2" conf="default, compile, runtime, master" rev="6.3.8" rev-constraint-default="6.3.8" rev-constraint-dynamic="6.3.8" callerrev="6.5.2"/>
				<caller organisation="com.twitter" name="finagle-core_2.9.2" conf="default, compile, runtime, master" rev="6.3.8" rev-constraint-default="6.3.8" rev-constraint-dynamic="6.3.8" callerrev="6.5.2"/>
				<artifacts>
					<artifact name="util-logging_2.9.2" type="jar" ext="jar" status="no" details="" size="197917" time="0" location="/home/wangtianju/.ivy2/cache/com.twitter/util-logging_2.9.2/jars/util-logging_2.9.2-6.3.8.jar">
						<origin-location is-local="false" location="http://repo1.maven.org/maven2/com/twitter/util-logging_2.9.2/6.3.8/util-logging_2.9.2-6.3.8.jar"/>
					</artifact>
				</artifacts>
			</revision>
		</module>
		<module organisation="com.twitter" name="util-hashing_2.9.2">
			<revision name="6.3.8" status="release" pubdate="20130723073255" resolver="public" artresolver="public" homepage="https://github.com/twitter/util" downloaded="false" searched="false" default="false" conf="compile, master(*), runtime, compile(*), runtime(*), master" position="10">
				<license name="Apache License, Version 2.0" url="http://www.apache.org/licenses/LICENSE-2.0"/>
				<metadata-artifact status="no" details="" size="3793" time="0" location="/home/wangtianju/.ivy2/cache/com.twitter/util-hashing_2.9.2/ivy-6.3.8.xml" searched="false" origin-is-local="false" origin-location="http://repo1.maven.org/maven2/com/twitter/util-hashing_2.9.2/6.3.8/util-hashing_2.9.2-6.3.8.pom"/>
				<caller organisation="com.twitter" name="finagle-core_2.9.2" conf="default, compile, runtime, master" rev="6.3.8" rev-constraint-default="6.3.8" rev-constraint-dynamic="6.3.8" callerrev="6.5.2"/>
				<artifacts>
					<artifact name="util-hashing_2.9.2" type="jar" ext="jar" status="no" details="" size="65086" time="0" location="/home/wangtianju/.ivy2/cache/com.twitter/util-hashing_2.9.2/jars/util-hashing_2.9.2-6.3.8.jar">
						<origin-location is-local="false" location="http://repo1.maven.org/maven2/com/twitter/util-hashing_2.9.2/6.3.8/util-hashing_2.9.2-6.3.8.jar"/>
					</artifact>
				</artifacts>
			</revision>
		</module>
		<module organisation="commons-codec" name="commons-codec">
			<revision name="1.5" status="release" pubdate="20110325093406" resolver="public" artresolver="public" homepage="http://commons.apache.org/codec/" downloaded="false" searched="false" default="false" conf="compile, master(*), runtime, compile(*), runtime(*), master" position="15">
				<metadata-artifact status="no" details="" size="6299" time="0" location="/home/wangtianju/.ivy2/cache/commons-codec/commons-codec/ivy-1.5.xml" searched="false" origin-is-local="false" origin-location="http://repo1.maven.org/maven2/commons-codec/commons-codec/1.5/commons-codec-1.5.pom"/>
				<caller organisation="com.twitter" name="util-codec_2.9.2" conf="compile, runtime" rev="1.5" rev-constraint-default="1.5" rev-constraint-dynamic="1.5" callerrev="6.3.8"/>
				<artifacts>
					<artifact name="commons-codec" type="jar" ext="jar" status="no" details="" size="73098" time="0" location="/home/wangtianju/.ivy2/cache/commons-codec/commons-codec/jars/commons-codec-1.5.jar">
						<origin-location is-local="false" location="http://repo1.maven.org/maven2/commons-codec/commons-codec/1.5/commons-codec-1.5.jar"/>
					</artifact>
				</artifacts>
			</revision>
		</module>
		<module organisation="com.twitter" name="util-collection_2.9.2">
			<revision name="6.3.8" status="release" pubdate="20130723073311" resolver="public" artresolver="public" homepage="https://github.com/twitter/util" downloaded="false" searched="false" default="false" conf="compile, master(*), runtime, compile(*), runtime(*), master" position="6">
				<license name="Apache License, Version 2.0" url="http://www.apache.org/licenses/LICENSE-2.0"/>
				<metadata-artifact status="no" details="" size="3974" time="0" location="/home/wangtianju/.ivy2/cache/com.twitter/util-collection_2.9.2/ivy-6.3.8.xml" searched="false" origin-is-local="false" origin-location="http://repo1.maven.org/maven2/com/twitter/util-collection_2.9.2/6.3.8/util-collection_2.9.2-6.3.8.pom"/>
				<caller organisation="com.twitter" name="finagle-core_2.9.2" conf="default, compile, runtime, master" rev="6.3.8" rev-constraint-default="6.3.8" rev-constraint-dynamic="6.3.8" callerrev="6.5.2"/>
				<artifacts>
					<artifact name="util-collection_2.9.2" type="jar" ext="jar" status="no" details="" size="51361" time="0" location="/home/wangtianju/.ivy2/cache/com.twitter/util-collection_2.9.2/jars/util-collection_2.9.2-6.3.8.jar">
						<origin-location is-local="false" location="http://repo1.maven.org/maven2/com/twitter/util-collection_2.9.2/6.3.8/util-collection_2.9.2-6.3.8.jar"/>
					</artifact>
				</artifacts>
			</revision>
		</module>
		<module organisation="commons-collections" name="commons-collections">
			<revision name="3.2.1" status="release" pubdate="20080415090924" resolver="public" artresolver="public" homepage="http://commons.apache.org/collections/" downloaded="false" searched="false" default="false" conf="compile, master(*), runtime, compile(*), runtime(*), master" position="9">
				<metadata-artifact status="no" details="" size="4584" time="0" location="/home/wangtianju/.ivy2/cache/commons-collections/commons-collections/ivy-3.2.1.xml" searched="false" origin-is-local="false" origin-location="http://repo1.maven.org/maven2/commons-collections/commons-collections/3.2.1/commons-collections-3.2.1.pom"/>
				<caller organisation="com.twitter" name="util-collection_2.9.2" conf="compile, runtime" rev="3.2.1" rev-constraint-default="3.2.1" rev-constraint-dynamic="3.2.1" callerrev="6.3.8"/>
				<artifacts>
					<artifact name="commons-collections" type="jar" ext="jar" status="no" details="" size="575389" time="0" location="/home/wangtianju/.ivy2/cache/commons-collections/commons-collections/jars/commons-collections-3.2.1.jar">
						<origin-location is-local="false" location="http://repo1.maven.org/maven2/commons-collections/commons-collections/3.2.1/commons-collections-3.2.1.jar"/>
					</artifact>
				</artifacts>
			</revision>
		</module>
		<module organisation="com.google.guava" name="guava">
			<revision name="11.0.2" status="release" pubdate="20120222220217" resolver="public" artresolver="public" homepage="" downloaded="false" searched="false" default="false" conf="compile, master(*), runtime, compile(*), runtime(*), master" position="7">
				<metadata-artifact status="no" details="" size="3835" time="0" location="/home/wangtianju/.ivy2/cache/com.google.guava/guava/ivy-11.0.2.xml" searched="false" origin-is-local="false" origin-location="http://repo1.maven.org/maven2/com/google/guava/guava/11.0.2/guava-11.0.2.pom"/>
				<caller organisation="com.twitter" name="util-collection_2.9.2" conf="compile, runtime" rev="11.0.2" rev-constraint-default="11.0.2" rev-constraint-dynamic="11.0.2" callerrev="6.3.8"/>
				<artifacts>
					<artifact name="guava" type="jar" ext="jar" status="successful" details="" size="1648200" time="3676" location="/home/wangtianju/.ivy2/cache/com.google.guava/guava/jars/guava-11.0.2.jar">
						<origin-location is-local="false" location="http://repo1.maven.org/maven2/com/google/guava/guava/11.0.2/guava-11.0.2.jar"/>
					</artifact>
				</artifacts>
			</revision>
		</module>
		<module organisation="com.google.code.findbugs" name="jsr305">
			<revision name="1.3.9" status="release" pubdate="20090825062822" resolver="public" artresolver="public" homepage="http://findbugs.sourceforge.net/" downloaded="false" searched="false" default="false" conf="compile, master(*), runtime, compile(*), runtime(*), master" position="8">
				<license name="The Apache Software License, Version 2.0" url="http://www.apache.org/licenses/LICENSE-2.0.txt"/>
				<metadata-artifact status="no" details="" size="2393" time="0" location="/home/wangtianju/.ivy2/cache/com.google.code.findbugs/jsr305/ivy-1.3.9.xml" searched="false" origin-is-local="false" origin-location="http://repo1.maven.org/maven2/com/google/code/findbugs/jsr305/1.3.9/jsr305-1.3.9.pom"/>
				<caller organisation="com.google.guava" name="guava" conf="compile, runtime" rev="1.3.9" rev-constraint-default="1.3.9" rev-constraint-dynamic="1.3.9" callerrev="11.0.2"/>
				<artifacts>
					<artifact name="jsr305" type="jar" ext="jar" status="successful" details="" size="33015" time="933" location="/home/wangtianju/.ivy2/cache/com.google.code.findbugs/jsr305/jars/jsr305-1.3.9.jar">
						<origin-location is-local="false" location="http://repo1.maven.org/maven2/com/google/code/findbugs/jsr305/1.3.9/jsr305-1.3.9.jar"/>
					</artifact>
				</artifacts>
			</revision>
		</module>
		<module organisation="com.twitter" name="util-app_2.9.2">
			<revision name="6.3.8" status="release" pubdate="20130723073250" resolver="public" artresolver="public" homepage="https://github.com/twitter/util" downloaded="false" searched="false" default="false" conf="compile, master(*), runtime, compile(*), runtime(*), master" position="4">
				<license name="Apache License, Version 2.0" url="http://www.apache.org/licenses/LICENSE-2.0"/>
				<metadata-artifact status="no" details="" size="3667" time="0" location="/home/wangtianju/.ivy2/cache/com.twitter/util-app_2.9.2/ivy-6.3.8.xml" searched="false" origin-is-local="false" origin-location="http://repo1.maven.org/maven2/com/twitter/util-app_2.9.2/6.3.8/util-app_2.9.2-6.3.8.pom"/>
				<caller organisation="com.twitter" name="util-logging_2.9.2" conf="compile, runtime" rev="6.3.8" rev-constraint-default="6.3.8" rev-constraint-dynamic="6.3.8" callerrev="6.3.8"/>
				<caller organisation="com.twitter" name="finagle-core_2.9.2" conf="default, compile, runtime, master" rev="6.3.8" rev-constraint-default="6.3.8" rev-constraint-dynamic="6.3.8" callerrev="6.5.2"/>
				<artifacts>
					<artifact name="util-app_2.9.2" type="jar" ext="jar" status="no" details="" size="84696" time="0" location="/home/wangtianju/.ivy2/cache/com.twitter/util-app_2.9.2/jars/util-app_2.9.2-6.3.8.jar">
						<origin-location is-local="false" location="http://repo1.maven.org/maven2/com/twitter/util-app_2.9.2/6.3.8/util-app_2.9.2-6.3.8.jar"/>
					</artifact>
				</artifacts>
			</revision>
		</module>
		<module organisation="com.twitter" name="util-core_2.9.2">
			<revision name="6.3.8" status="release" pubdate="20130723073319" resolver="public" artresolver="public" homepage="https://github.com/twitter/util" downloaded="false" searched="false" default="false" conf="compile, master(*), runtime, compile(*), runtime(*), master" position="5">
				<license name="Apache License, Version 2.0" url="http://www.apache.org/licenses/LICENSE-2.0"/>
				<metadata-artifact status="no" details="" size="3649" time="0" location="/home/wangtianju/.ivy2/cache/com.twitter/util-core_2.9.2/ivy-6.3.8.xml" searched="false" origin-is-local="false" origin-location="http://repo1.maven.org/maven2/com/twitter/util-core_2.9.2/6.3.8/util-core_2.9.2-6.3.8.pom"/>
				<caller organisation="com.twitter" name="util-app_2.9.2" conf="compile, runtime" rev="6.3.8" rev-constraint-default="6.3.8" rev-constraint-dynamic="6.3.8" callerrev="6.3.8"/>
				<caller organisation="com.twitter" name="util-hashing_2.9.2" conf="compile, runtime" rev="6.3.8" rev-constraint-default="6.3.8" rev-constraint-dynamic="6.3.8" callerrev="6.3.8"/>
				<caller organisation="com.twitter" name="util-logging_2.9.2" conf="compile, runtime" rev="6.3.8" rev-constraint-default="6.3.8" rev-constraint-dynamic="6.3.8" callerrev="6.3.8"/>
				<caller organisation="com.twitter" name="util-codec_2.9.2" conf="compile, runtime" rev="6.3.8" rev-constraint-default="6.3.8" rev-constraint-dynamic="6.3.8" callerrev="6.3.8"/>
				<caller organisation="com.twitter" name="util-jvm_2.9.2" conf="compile, runtime" rev="6.3.8" rev-constraint-default="6.3.8" rev-constraint-dynamic="6.3.8" callerrev="6.3.8"/>
				<caller organisation="com.twitter" name="util-collection_2.9.2" conf="compile, runtime" rev="6.3.8" rev-constraint-default="6.3.8" rev-constraint-dynamic="6.3.8" callerrev="6.3.8"/>
				<caller organisation="com.twitter" name="finagle-core_2.9.2" conf="default, compile, runtime, master" rev="6.3.8" rev-constraint-default="6.3.8" rev-constraint-dynamic="6.3.8" callerrev="6.5.2"/>
				<artifacts>
					<artifact name="util-core_2.9.2" type="jar" ext="jar" status="no" details="" size="791334" time="0" location="/home/wangtianju/.ivy2/cache/com.twitter/util-core_2.9.2/jars/util-core_2.9.2-6.3.8.jar">
						<origin-location is-local="false" location="http://repo1.maven.org/maven2/com/twitter/util-core_2.9.2/6.3.8/util-core_2.9.2-6.3.8.jar"/>
					</artifact>
				</artifacts>
			</revision>
		</module>
		<module organisation="io.netty" name="netty">
			<revision name="3.6.6.Final" status="release" pubdate="20130515142624" resolver="public" artresolver="public" homepage="http://netty.io/" downloaded="false" searched="false" default="false" conf="compile, master(*), runtime, compile(*), runtime(*), master" position="3">
				<license name="Apache License, Version 2.0" url="http://www.apache.org/licenses/LICENSE-2.0"/>
				<metadata-artifact status="no" details="" size="6425" time="0" location="/home/wangtianju/.ivy2/cache/io.netty/netty/ivy-3.6.6.Final.xml" searched="false" origin-is-local="false" origin-location="http://repo1.maven.org/maven2/io/netty/netty/3.6.6.Final/netty-3.6.6.Final.pom"/>
				<caller organisation="com.twitter" name="finagle-core_2.9.2" conf="default, compile, runtime, master" rev="3.6.6.Final" rev-constraint-default="3.6.6.Final" rev-constraint-dynamic="3.6.6.Final" callerrev="6.5.2"/>
				<artifacts>
					<artifact name="netty" type="bundle" ext="jar" status="no" details="" size="1206119" time="0" location="/home/wangtianju/.ivy2/cache/io.netty/netty/bundles/netty-3.6.6.Final.jar">
						<origin-location is-local="false" location="http://repo1.maven.org/maven2/io/netty/netty/3.6.6.Final/netty-3.6.6.Final.jar"/>
					</artifact>
				</artifacts>
			</revision>
		</module>
		<module organisation="com.typesafe" name="config">
			<revision name="1.0.0" status="release" pubdate="20121015210115" resolver="public" artresolver="public" homepage="https://github.com/typesafehub/config" downloaded="false" searched="false" default="false" conf="default(compile), default, compile, runtime, master" position="1">
				<license name="Apache License, Version 2.0" url="http://www.apache.org/licenses/LICENSE-2.0"/>
				<metadata-artifact status="no" details="" size="2725" time="0" location="/home/wangtianju/.ivy2/cache/com.typesafe/config/ivy-1.0.0.xml" searched="false" origin-is-local="false" origin-location="http://repo1.maven.org/maven2/com/typesafe/config/1.0.0/config-1.0.0.pom"/>
				<caller organisation="com.umeng" name="scala_examples_2.9.2" conf="test-internal, test, optional, compile, provided, runtime" rev="1.0.0" rev-constraint-default="1.0.0" rev-constraint-dynamic="1.0.0" callerrev="0.0.1"/>
				<artifacts>
					<artifact name="config" type="bundle" ext="jar" status="no" details="" size="185676" time="0" location="/home/wangtianju/.ivy2/cache/com.typesafe/config/bundles/config-1.0.0.jar">
						<origin-location is-local="false" location="http://repo1.maven.org/maven2/com/typesafe/config/1.0.0/config-1.0.0.jar"/>
					</artifact>
				</artifacts>
			</revision>
		</module>
		<module organisation="org.scala-lang" name="scala-library">
			<revision name="2.9.2" status="release" pubdate="20120413202921" resolver="sbt-chain" artresolver="sbt-chain" homepage="http://www.scala-lang.org/" downloaded="false" searched="false" default="false" conf="default(compile), default, compile, master(*), compile(*), runtime, runtime(*), master" position="0">
				<license name="BSD-like" url="http://www.scala-lang.org/downloads/license.html          "/>
				<metadata-artifact status="no" details="" size="2391" time="0" location="/home/wangtianju/.ivy2/cache/org.scala-lang/scala-library/ivy-2.9.2.xml" searched="false" origin-is-local="false" origin-location="http://repo1.maven.org/maven2/org/scala-lang/scala-library/2.9.2/scala-library-2.9.2.pom"/>
				<caller organisation="com.umeng" name="scala_examples_2.9.2" conf="test-internal, test, optional, compile, provided, runtime" rev="2.9.2" rev-constraint-default="2.9.2" rev-constraint-dynamic="2.9.2" callerrev="0.0.1"/>
				<caller organisation="com.twitter" name="finagle-http_2.9.2" conf="default, compile, runtime, master" rev="2.9.2" rev-constraint-default="2.9.2" rev-constraint-dynamic="2.9.2" callerrev="6.5.2"/>
				<caller organisation="com.twitter" name="util-app_2.9.2" conf="compile, runtime" rev="2.9.2" rev-constraint-default="2.9.2" rev-constraint-dynamic="2.9.2" callerrev="6.3.8"/>
				<caller organisation="com.twitter" name="util-hashing_2.9.2" conf="compile, runtime" rev="2.9.2" rev-constraint-default="2.9.2" rev-constraint-dynamic="2.9.2" callerrev="6.3.8"/>
				<caller organisation="com.twitter" name="finagle-mysql_2.9.2" conf="default, compile, runtime, master" rev="2.9.2" rev-constraint-default="2.9.2" rev-constraint-dynamic="2.9.2" callerrev="6.5.2"/>
				<caller organisation="com.twitter" name="util-core_2.9.2" conf="compile, runtime" rev="2.9.2" rev-constraint-default="2.9.2" rev-constraint-dynamic="2.9.2" callerrev="6.3.8"/>
				<caller organisation="com.twitter" name="util-logging_2.9.2" conf="compile, runtime" rev="2.9.2" rev-constraint-default="2.9.2" rev-constraint-dynamic="2.9.2" callerrev="6.3.8"/>
				<caller organisation="com.twitter" name="util-codec_2.9.2" conf="compile, runtime" rev="2.9.2" rev-constraint-default="2.9.2" rev-constraint-dynamic="2.9.2" callerrev="6.3.8"/>
				<caller organisation="com.twitter" name="util-jvm_2.9.2" conf="compile, runtime" rev="2.9.2" rev-constraint-default="2.9.2" rev-constraint-dynamic="2.9.2" callerrev="6.3.8"/>
				<caller organisation="com.twitter" name="util-collection_2.9.2" conf="compile, runtime" rev="2.9.2" rev-constraint-default="2.9.2" rev-constraint-dynamic="2.9.2" callerrev="6.3.8"/>
				<caller organisation="com.twitter" name="finagle-core_2.9.2" conf="default, compile, runtime, master" rev="2.9.2" rev-constraint-default="2.9.2" rev-constraint-dynamic="2.9.2" callerrev="6.5.2"/>
				<artifacts>
				</artifacts>
			</revision>
		</module>
	</dependencies>
</ivy-report>
